2026-06-26 00:39:35,495 - DEPRECATED FEATURE: flwr.client.start_client() is deprecated.
	Instead, use the `flower-supernode` CLI command to start a SuperNode as shown below:

		$ flower-supernode --insecure --superlink='<IP>:<PORT>'

	To view all available options, run:

		$ flower-supernode --help

	Using `start_client()` is deprecated.

            This is a deprecated feature. It will be removed
            entirely in future versions of Flower.
        
2026-06-26 00:39:35,495 - DEPRECATED FEATURE: flwr.client.start_client() is deprecated.
	Instead, use the `flower-supernode` CLI command to start a SuperNode as shown below:

		$ flower-supernode --insecure --superlink='<IP>:<PORT>'

	To view all available options, run:

		$ flower-supernode --help

	Using `start_client()` is deprecated.

            This is a deprecated feature. It will be removed
            entirely in future versions of Flower.
        
2026-06-26 00:39:35,606 - Opened insecure gRPC connection (no certificates were passed)
2026-06-26 00:39:35,606 - Opened insecure gRPC connection (no certificates were passed)
2026-06-26 00:39:35,608 - ChannelConnectivity.IDLE
2026-06-26 00:39:35,608 - ChannelConnectivity.IDLE
2026-06-26 00:39:35,609 - ChannelConnectivity.CONNECTING
2026-06-26 00:39:35,610 - ChannelConnectivity.CONNECTING
2026-06-26 00:39:35,611 - ChannelConnectivity.READY
2026-06-26 00:39:35,613 - ChannelConnectivity.READY
2026-06-26 00:39:35,614 - 
2026-06-26 00:39:35,614 - Received: get_parameters message 2848bf06-f4c7-49ba-aafa-6d5caaab59f6
2026-06-26 00:39:35,614 - Deprecation Warning: The `client_fn` function must return an instance of `Client`, but an instance of `NumpyClient` was returned. Please use `NumPyClient.to_client()` method to convert it to `Client`.
2026-06-26 00:39:35,614 - Sent reply
2026-06-26 00:39:35,616 - 
2026-06-26 00:39:35,617 - Received: train message f7f7ebee-57b3-435d-b17c-53993ea85e09
2026-06-26 00:39:35,617 - Deprecation Warning: The `client_fn` function must return an instance of `Client`, but an instance of `NumpyClient` was returned. Please use `NumPyClient.to_client()` method to convert it to `Client`.
2026-06-26 00:39:35,618 - 
2026-06-26 00:39:35,618 - Received: train message 0122afdb-c70a-4f35-ae8e-8e4d019aad76
2026-06-26 00:39:35,619 - Deprecation Warning: The `client_fn` function must return an instance of `Client`, but an instance of `NumpyClient` was returned. Please use `NumPyClient.to_client()` method to convert it to `Client`.
2026-06-26 00:39:35,681 - Client raised an exception.
Traceback (most recent call last):
  File "/usr/local/lib/python3.11/site-packages/flwr/client/app.py", line 571, in start_client_internal
    reply_message = client_app(message=message, context=context)
                    ^^^^^^^^^^^^^^^^^^^^^^^^^^^^^^^^^^^^^^^^^^^^
  File "/usr/local/lib/python3.11/site-packages/flwr/client/client_app.py", line 143, in __call__
    return self._call(message, context)
           ^^^^^^^^^^^^^^^^^^^^^^^^^^^^
  File "/usr/local/lib/python3.11/site-packages/flwr/client/client_app.py", line 126, in ffn
    out_message = handle_legacy_message_from_msgtype(
                  ^^^^^^^^^^^^^^^^^^^^^^^^^^^^^^^^^^^
  File "/usr/local/lib/python3.11/site-packages/flwr/client/message_handler/message_handler.py", line 129, in handle_legacy_message_from_msgtype
    fit_res = maybe_call_fit(
              ^^^^^^^^^^^^^^^
  File "/usr/local/lib/python3.11/site-packages/flwr/client/client.py", line 255, in maybe_call_fit
    return client.fit(fit_ins)
           ^^^^^^^^^^^^^^^^^^^
  File "/usr/local/lib/python3.11/site-packages/flwr/client/numpy_client.py", line 259, in _fit
    results = self.numpy_client.fit(parameters, ins.config)  # type: ignore
              ^^^^^^^^^^^^^^^^^^^^^^^^^^^^^^^^^^^^^^^^^^^^^
  File "/app/federation/client/client.py", line 31, in fit
    log_event(f"Completed local round. Detected {int(anomalies.sum())} anomalies", AGENCY_ID)
                                                     ^^^^^^^^^
NameError: name 'anomalies' is not defined
2026-06-26 00:39:35,681 - Client raised an exception.
Traceback (most recent call last):
  File "/usr/local/lib/python3.11/site-packages/flwr/client/app.py", line 571, in start_client_internal
    reply_message = client_app(message=message, context=context)
                    ^^^^^^^^^^^^^^^^^^^^^^^^^^^^^^^^^^^^^^^^^^^^
  File "/usr/local/lib/python3.11/site-packages/flwr/client/client_app.py", line 143, in __call__
    return self._call(message, context)
           ^^^^^^^^^^^^^^^^^^^^^^^^^^^^
  File "/usr/local/lib/python3.11/site-packages/flwr/client/client_app.py", line 126, in ffn
    out_message = handle_legacy_message_from_msgtype(
                  ^^^^^^^^^^^^^^^^^^^^^^^^^^^^^^^^^^^
  File "/usr/local/lib/python3.11/site-packages/flwr/client/message_handler/message_handler.py", line 129, in handle_legacy_message_from_msgtype
    fit_res = maybe_call_fit(
              ^^^^^^^^^^^^^^^
  File "/usr/local/lib/python3.11/site-packages/flwr/client/client.py", line 255, in maybe_call_fit
    return client.fit(fit_ins)
           ^^^^^^^^^^^^^^^^^^^
  File "/usr/local/lib/python3.11/site-packages/flwr/client/numpy_client.py", line 259, in _fit
    results = self.numpy_client.fit(parameters, ins.config)  # type: ignore
              ^^^^^^^^^^^^^^^^^^^^^^^^^^^^^^^^^^^^^^^^^^^^^
  File "/app/federation/client/client.py", line 31, in fit
    log_event(f"Completed local round. Detected {int(anomalies.sum())} anomalies", AGENCY_ID)
                                                     ^^^^^^^^^
NameError: name 'anomalies' is not defined
2026-06-26 00:39:35,815 - gRPC channel closed
2026-06-26 00:39:35,817 - gRPC channel closed
2026-06-26 00:55:29,715 - DEPRECATED FEATURE: flwr.client.start_client() is deprecated.
	Instead, use the `flower-supernode` CLI command to start a SuperNode as shown below:

		$ flower-supernode --insecure --superlink='<IP>:<PORT>'

	To view all available options, run:

		$ flower-supernode --help

	Using `start_client()` is deprecated.

            This is a deprecated feature. It will be removed
            entirely in future versions of Flower.
        
2026-06-26 00:55:29,720 - Opened insecure gRPC connection (no certificates were passed)
2026-06-26 00:55:29,721 - ChannelConnectivity.IDLE
2026-06-26 00:55:29,722 - ChannelConnectivity.CONNECTING
2026-06-26 00:55:29,723 - ChannelConnectivity.READY
2026-06-26 00:55:29,725 - 
2026-06-26 00:55:29,725 - Received: get_parameters message 320ff911-d975-44b3-aa27-09b711004567
2026-06-26 00:55:29,725 - Deprecation Warning: The `client_fn` function must return an instance of `Client`, but an instance of `NumpyClient` was returned. Please use `NumPyClient.to_client()` method to convert it to `Client`.
2026-06-26 00:55:29,726 - Sent reply
2026-06-26 00:55:29,757 - DEPRECATED FEATURE: flwr.client.start_client() is deprecated.
	Instead, use the `flower-supernode` CLI command to start a SuperNode as shown below:

		$ flower-supernode --insecure --superlink='<IP>:<PORT>'

	To view all available options, run:

		$ flower-supernode --help

	Using `start_client()` is deprecated.

            This is a deprecated feature. It will be removed
            entirely in future versions of Flower.
        
2026-06-26 00:55:29,763 - Opened insecure gRPC connection (no certificates were passed)
2026-06-26 00:55:29,764 - ChannelConnectivity.IDLE
2026-06-26 00:55:29,765 - ChannelConnectivity.CONNECTING
2026-06-26 00:55:29,766 - ChannelConnectivity.READY
2026-06-26 00:55:29,767 - 
2026-06-26 00:55:29,767 - Received: train message fdc012d3-6df0-447e-b4b2-7a94baa89b19
2026-06-26 00:55:29,767 - 
2026-06-26 00:55:29,767 - Received: train message f483f0e9-4373-4991-b26e-314b2c1a9a14
2026-06-26 00:55:29,767 - Deprecation Warning: The `client_fn` function must return an instance of `Client`, but an instance of `NumpyClient` was returned. Please use `NumPyClient.to_client()` method to convert it to `Client`.
2026-06-26 00:55:29,768 - Deprecation Warning: The `client_fn` function must return an instance of `Client`, but an instance of `NumpyClient` was returned. Please use `NumPyClient.to_client()` method to convert it to `Client`.
2026-06-26 00:55:29,789 - Client raised an exception.
Traceback (most recent call last):
  File "/usr/local/lib/python3.11/site-packages/flwr/client/app.py", line 571, in start_client_internal
    reply_message = client_app(message=message, context=context)
                    ^^^^^^^^^^^^^^^^^^^^^^^^^^^^^^^^^^^^^^^^^^^^
  File "/usr/local/lib/python3.11/site-packages/flwr/client/client_app.py", line 143, in __call__
    return self._call(message, context)
           ^^^^^^^^^^^^^^^^^^^^^^^^^^^^
  File "/usr/local/lib/python3.11/site-packages/flwr/client/client_app.py", line 126, in ffn
    out_message = handle_legacy_message_from_msgtype(
                  ^^^^^^^^^^^^^^^^^^^^^^^^^^^^^^^^^^^
  File "/usr/local/lib/python3.11/site-packages/flwr/client/message_handler/message_handler.py", line 129, in handle_legacy_message_from_msgtype
    fit_res = maybe_call_fit(
              ^^^^^^^^^^^^^^^
  File "/usr/local/lib/python3.11/site-packages/flwr/client/client.py", line 255, in maybe_call_fit
    return client.fit(fit_ins)
           ^^^^^^^^^^^^^^^^^^^
  File "/usr/local/lib/python3.11/site-packages/flwr/client/numpy_client.py", line 259, in _fit
    results = self.numpy_client.fit(parameters, ins.config)  # type: ignore
              ^^^^^^^^^^^^^^^^^^^^^^^^^^^^^^^^^^^^^^^^^^^^^
  File "/app/federation/client/client.py", line 31, in fit
    log_event(f"Completed local round. Detected {int(anomalies.sum())} anomalies", AGENCY_ID)
                                                     ^^^^^^^^^
NameError: name 'anomalies' is not defined
2026-06-26 00:55:29,789 - Client raised an exception.
Traceback (most recent call last):
  File "/usr/local/lib/python3.11/site-packages/flwr/client/app.py", line 571, in start_client_internal
    reply_message = client_app(message=message, context=context)
                    ^^^^^^^^^^^^^^^^^^^^^^^^^^^^^^^^^^^^^^^^^^^^
  File "/usr/local/lib/python3.11/site-packages/flwr/client/client_app.py", line 143, in __call__
    return self._call(message, context)
           ^^^^^^^^^^^^^^^^^^^^^^^^^^^^
  File "/usr/local/lib/python3.11/site-packages/flwr/client/client_app.py", line 126, in ffn
    out_message = handle_legacy_message_from_msgtype(
                  ^^^^^^^^^^^^^^^^^^^^^^^^^^^^^^^^^^^
  File "/usr/local/lib/python3.11/site-packages/flwr/client/message_handler/message_handler.py", line 129, in handle_legacy_message_from_msgtype
    fit_res = maybe_call_fit(
              ^^^^^^^^^^^^^^^
  File "/usr/local/lib/python3.11/site-packages/flwr/client/client.py", line 255, in maybe_call_fit
    return client.fit(fit_ins)
           ^^^^^^^^^^^^^^^^^^^
  File "/usr/local/lib/python3.11/site-packages/flwr/client/numpy_client.py", line 259, in _fit
    results = self.numpy_client.fit(parameters, ins.config)  # type: ignore
              ^^^^^^^^^^^^^^^^^^^^^^^^^^^^^^^^^^^^^^^^^^^^^
  File "/app/federation/client/client.py", line 31, in fit
    log_event(f"Completed local round. Detected {int(anomalies.sum())} anomalies", AGENCY_ID)
                                                     ^^^^^^^^^
NameError: name 'anomalies' is not defined
2026-06-26 00:55:29,928 - gRPC channel closed
2026-06-26 00:55:29,970 - gRPC channel closed
2026-06-26 00:59:38,855 - DEPRECATED FEATURE: flwr.client.start_client() is deprecated.
	Instead, use the `flower-supernode` CLI command to start a SuperNode as shown below:

		$ flower-supernode --insecure --superlink='<IP>:<PORT>'

	To view all available options, run:

		$ flower-supernode --help

	Using `start_client()` is deprecated.

            This is a deprecated feature. It will be removed
            entirely in future versions of Flower.
        
2026-06-26 00:59:38,855 - DEPRECATED FEATURE: flwr.client.start_client() is deprecated.
	Instead, use the `flower-supernode` CLI command to start a SuperNode as shown below:

		$ flower-supernode --insecure --superlink='<IP>:<PORT>'

	To view all available options, run:

		$ flower-supernode --help

	Using `start_client()` is deprecated.

            This is a deprecated feature. It will be removed
            entirely in future versions of Flower.
        
2026-06-26 00:59:38,862 - Opened insecure gRPC connection (no certificates were passed)
2026-06-26 00:59:38,862 - Opened insecure gRPC connection (no certificates were passed)
2026-06-26 00:59:38,863 - ChannelConnectivity.IDLE
2026-06-26 00:59:38,863 - ChannelConnectivity.IDLE
2026-06-26 00:59:38,863 - ChannelConnectivity.CONNECTING
2026-06-26 00:59:38,864 - ChannelConnectivity.CONNECTING
2026-06-26 00:59:38,865 - ChannelConnectivity.READY
2026-06-26 00:59:38,865 - ChannelConnectivity.READY
2026-06-26 00:59:38,866 - 
2026-06-26 00:59:38,866 - Received: get_parameters message c1043306-f62b-4966-a9eb-2fb1335a15c5
2026-06-26 00:59:38,867 - Deprecation Warning: The `client_fn` function must return an instance of `Client`, but an instance of `NumpyClient` was returned. Please use `NumPyClient.to_client()` method to convert it to `Client`.
2026-06-26 00:59:38,867 - Sent reply
2026-06-26 00:59:38,871 - 
2026-06-26 00:59:38,871 - Received: train message ddb95e36-6dd2-4d91-bc77-cc132a9cd9fd
2026-06-26 00:59:38,871 - Deprecation Warning: The `client_fn` function must return an instance of `Client`, but an instance of `NumpyClient` was returned. Please use `NumPyClient.to_client()` method to convert it to `Client`.
2026-06-26 00:59:38,871 - 
2026-06-26 00:59:38,871 - Received: train message a6900388-2fa4-4b07-8ec1-fd29f92bcca5
2026-06-26 00:59:38,872 - Deprecation Warning: The `client_fn` function must return an instance of `Client`, but an instance of `NumpyClient` was returned. Please use `NumPyClient.to_client()` method to convert it to `Client`.
2026-06-26 00:59:38,893 - Client raised an exception.
Traceback (most recent call last):
  File "/usr/local/lib/python3.11/site-packages/flwr/client/app.py", line 571, in start_client_internal
    reply_message = client_app(message=message, context=context)
                    ^^^^^^^^^^^^^^^^^^^^^^^^^^^^^^^^^^^^^^^^^^^^
  File "/usr/local/lib/python3.11/site-packages/flwr/client/client_app.py", line 143, in __call__
    return self._call(message, context)
           ^^^^^^^^^^^^^^^^^^^^^^^^^^^^
  File "/usr/local/lib/python3.11/site-packages/flwr/client/client_app.py", line 126, in ffn
    out_message = handle_legacy_message_from_msgtype(
                  ^^^^^^^^^^^^^^^^^^^^^^^^^^^^^^^^^^^
  File "/usr/local/lib/python3.11/site-packages/flwr/client/message_handler/message_handler.py", line 129, in handle_legacy_message_from_msgtype
    fit_res = maybe_call_fit(
              ^^^^^^^^^^^^^^^
  File "/usr/local/lib/python3.11/site-packages/flwr/client/client.py", line 255, in maybe_call_fit
    return client.fit(fit_ins)
           ^^^^^^^^^^^^^^^^^^^
  File "/usr/local/lib/python3.11/site-packages/flwr/client/numpy_client.py", line 259, in _fit
    results = self.numpy_client.fit(parameters, ins.config)  # type: ignore
              ^^^^^^^^^^^^^^^^^^^^^^^^^^^^^^^^^^^^^^^^^^^^^
  File "/app/federation/client/client.py", line 31, in fit
    log_event(f"Completed local round. Detected {int(anomalies.sum())} anomalies", AGENCY_ID)
                                                     ^^^^^^^^^
NameError: name 'anomalies' is not defined
2026-06-26 00:59:38,893 - Client raised an exception.
Traceback (most recent call last):
  File "/usr/local/lib/python3.11/site-packages/flwr/client/app.py", line 571, in start_client_internal
    reply_message = client_app(message=message, context=context)
                    ^^^^^^^^^^^^^^^^^^^^^^^^^^^^^^^^^^^^^^^^^^^^
  File "/usr/local/lib/python3.11/site-packages/flwr/client/client_app.py", line 143, in __call__
    return self._call(message, context)
           ^^^^^^^^^^^^^^^^^^^^^^^^^^^^
  File "/usr/local/lib/python3.11/site-packages/flwr/client/client_app.py", line 126, in ffn
    out_message = handle_legacy_message_from_msgtype(
                  ^^^^^^^^^^^^^^^^^^^^^^^^^^^^^^^^^^^
  File "/usr/local/lib/python3.11/site-packages/flwr/client/message_handler/message_handler.py", line 129, in handle_legacy_message_from_msgtype
    fit_res = maybe_call_fit(
              ^^^^^^^^^^^^^^^
  File "/usr/local/lib/python3.11/site-packages/flwr/client/client.py", line 255, in maybe_call_fit
    return client.fit(fit_ins)
           ^^^^^^^^^^^^^^^^^^^
  File "/usr/local/lib/python3.11/site-packages/flwr/client/numpy_client.py", line 259, in _fit
    results = self.numpy_client.fit(parameters, ins.config)  # type: ignore
              ^^^^^^^^^^^^^^^^^^^^^^^^^^^^^^^^^^^^^^^^^^^^^
  File "/app/federation/client/client.py", line 31, in fit
    log_event(f"Completed local round. Detected {int(anomalies.sum())} anomalies", AGENCY_ID)
                                                     ^^^^^^^^^
NameError: name 'anomalies' is not defined
2026-06-26 00:59:39,070 - gRPC channel closed
2026-06-26 00:59:39,070 - gRPC channel closed
